{"level":"DEBUG","location":"[get_call:137] fyersModel","message":{"Status Code":200,"API":"/profile"},"timestamp":"2024-07-13 17:23:59,682+0530","service":"FyersAPIRequest","taskName":"Task-3"}
{"level":"DEBUG","location":"[get_call:137] fyersModel","message":{"Status Code":200,"API":"/funds"},"timestamp":"2024-07-13 17:24:00,156+0530","service":"FyersAPIRequest","taskName":"Task-3"}
{"level":"DEBUG","location":"[get_call:137] fyersModel","message":{"Status Code":200,"API":"/holdings"},"timestamp":"2024-07-13 17:24:00,679+0530","service":"FyersAPIRequest","taskName":"Task-3"}
{"level":"DEBUG","location":"[get_call:137] fyersModel","message":{"Status Code":200,"API":"/tradebook"},"timestamp":"2024-07-13 17:25:44,113+0530","service":"FyersAPIRequest","taskName":"Task-3"}
{"level":"DEBUG","location":"[get_call:137] fyersModel","message":{"Status Code":200,"API":"/orders"},"timestamp":"2024-07-13 17:25:44,626+0530","service":"FyersAPIRequest","taskName":"Task-3"}
{"level":"DEBUG","location":"[get_call:137] fyersModel","message":{"Status Code":200,"API":"/positions"},"timestamp":"2024-07-13 17:25:45,446+0530","service":"FyersAPIRequest","taskName":"Task-3"}
{"level":"DEBUG","location":"[post_call:78] fyersModel","message":{"Status Code":400,"API":"/orders/sync"},"timestamp":"2024-07-13 17:26:23,988+0530","service":"FyersAPIRequest","taskName":"Task-3"}
{"level":"DEBUG","location":"[post_call:78] fyersModel","message":{"Status Code":200,"API":"/multi-order/sync"},"timestamp":"2024-07-13 17:26:48,511+0530","service":"FyersAPIRequest","taskName":"Task-3"}
{"level":"DEBUG","location":"[post_call:78] fyersModel","message":{"Status Code":400,"API":"/orders/sync"},"timestamp":"2024-07-13 17:27:00,919+0530","service":"FyersAPIRequest","taskName":"Task-3"}
{"level":"DEBUG","location":"[post_call:78] fyersModel","message":{"Status Code":400,"API":"/multileg/orders/sync"},"timestamp":"2024-07-13 17:27:33,352+0530","service":"FyersAPIRequest","taskName":"Task-3"}
{"level":"DEBUG","location":"[patch_call:234] fyersModel","message":{"Status Code":400,"API":"/orders/sync"},"timestamp":"2024-07-13 17:27:52,606+0530","service":"FyersAPIRequest","taskName":"Task-3"}
{"level":"DEBUG","location":"[patch_call:234] fyersModel","message":{"Status Code":200,"API":"/multi-order/sync"},"timestamp":"2024-07-13 17:27:53,570+0530","service":"FyersAPIRequest","taskName":"Task-3"}
{"level":"DEBUG","location":"[patch_call:234] fyersModel","message":{"Status Code":400,"API":"/orders/sync"},"timestamp":"2024-07-13 17:32:03,864+0530","service":"FyersAPIRequest","taskName":"Task-3"}
{"level":"DEBUG","location":"[patch_call:234] fyersModel","message":{"Status Code":200,"API":"/multi-order/sync"},"timestamp":"2024-07-13 17:32:04,270+0530","service":"FyersAPIRequest","taskName":"Task-3"}
{"level":"DEBUG","location":"[post_call:78] fyersModel","message":{"Status Code":200,"API":"/multi-order/sync"},"timestamp":"2024-07-13 17:32:08,627+0530","service":"FyersAPIRequest","taskName":"Task-3"}
{"level":"DEBUG","location":"[delete_call:184] fyersModel","message":{"Status Code":400,"API":"/orders/sync"},"timestamp":"2024-07-13 17:32:13,032+0530","service":"FyersAPIRequest","taskName":"Task-3"}
{"level":"DEBUG","location":"[delete_call:184] fyersModel","message":{"Status Code":200,"API":"/multi-order/sync"},"timestamp":"2024-07-13 17:32:13,536+0530","service":"FyersAPIRequest","taskName":"Task-3"}
{"level":"DEBUG","location":"[delete_call:184] fyersModel","message":{"Status Code":200,"API":"/positions"},"timestamp":"2024-07-13 17:32:17,759+0530","service":"FyersAPIRequest","taskName":"Task-3"}
{"level":"DEBUG","location":"[post_call:78] fyersModel","message":{"Status Code":400,"API":"/positions"},"timestamp":"2024-07-13 17:32:18,281+0530","service":"FyersAPIRequest","taskName":"Task-3"}
{"level":"DEBUG","location":"[get_call:137] fyersModel","message":{"Status Code":200,"API":"/history"},"timestamp":"2024-07-13 17:32:25,506+0530","service":"FyersAPIRequest","taskName":"Task-3"}
{"level":"DEBUG","location":"[get_call:137] fyersModel","message":{"Status Code":200,"API":"/quotes"},"timestamp":"2024-07-13 17:32:26,240+0530","service":"FyersAPIRequest","taskName":"Task-3"}
{"level":"DEBUG","location":"[get_call:137] fyersModel","message":{"Status Code":200,"API":"/depth"},"timestamp":"2024-07-13 17:32:26,677+0530","service":"FyersAPIRequest","taskName":"Task-3"}
{"level":"DEBUG","location":"[get_call:137] fyersModel","message":{"Status Code":200,"API":"/profile"},"timestamp":"2024-07-13 17:42:09,782+0530","service":"FyersAPIRequest","taskName":"Task-3"}
{"level":"DEBUG","location":"[get_call:137] fyersModel","message":{"Status Code":200,"API":"/funds"},"timestamp":"2024-07-13 17:42:11,365+0530","service":"FyersAPIRequest","taskName":"Task-3"}
{"level":"DEBUG","location":"[get_call:137] fyersModel","message":{"Status Code":200,"API":"/holdings"},"timestamp":"2024-07-13 17:42:12,061+0530","service":"FyersAPIRequest","taskName":"Task-3"}
{"level":"DEBUG","location":"[get_call:137] fyersModel","message":{"Status Code":200,"API":"/tradebook"},"timestamp":"2024-07-13 17:43:24,005+0530","service":"FyersAPIRequest","taskName":"Task-3"}
{"level":"DEBUG","location":"[get_call:137] fyersModel","message":{"Status Code":200,"API":"/orders"},"timestamp":"2024-07-13 17:43:24,738+0530","service":"FyersAPIRequest","taskName":"Task-3"}
{"level":"DEBUG","location":"[get_call:137] fyersModel","message":{"Status Code":200,"API":"/positions"},"timestamp":"2024-07-13 17:43:25,253+0530","service":"FyersAPIRequest","taskName":"Task-3"}
{"level":"DEBUG","location":"[get_call:137] fyersModel","message":{"Status Code":200,"API":"/tradebook"},"timestamp":"2024-07-13 17:44:15,169+0530","service":"FyersAPIRequest","taskName":"Task-3"}
{"level":"DEBUG","location":"[get_call:137] fyersModel","message":{"Status Code":200,"API":"/orders"},"timestamp":"2024-07-13 17:44:15,844+0530","service":"FyersAPIRequest","taskName":"Task-3"}
{"level":"DEBUG","location":"[get_call:137] fyersModel","message":{"Status Code":200,"API":"/positions"},"timestamp":"2024-07-13 17:44:16,441+0530","service":"FyersAPIRequest","taskName":"Task-3"}
{"level":"DEBUG","location":"[get_call:137] fyersModel","message":{"Status Code":200,"API":"/profile"},"timestamp":"2024-07-15 16:00:29,106+0530","service":"FyersAPIRequest","taskName":"Task-2"}
{"level":"DEBUG","location":"[get_call:137] fyersModel","message":{"Status Code":200,"API":"/funds"},"timestamp":"2024-07-15 16:00:29,584+0530","service":"FyersAPIRequest","taskName":"Task-2"}
{"level":"DEBUG","location":"[get_call:137] fyersModel","message":{"Status Code":200,"API":"/holdings"},"timestamp":"2024-07-15 16:00:30,072+0530","service":"FyersAPIRequest","taskName":"Task-2"}
{"level":"DEBUG","location":"[get_call:137] fyersModel","message":{"Status Code":200,"API":"/tradebook"},"timestamp":"2024-07-15 16:00:42,669+0530","service":"FyersAPIRequest","taskName":"Task-2"}
{"level":"DEBUG","location":"[get_call:137] fyersModel","message":{"Status Code":200,"API":"/orders"},"timestamp":"2024-07-15 16:00:45,314+0530","service":"FyersAPIRequest","taskName":"Task-2"}
{"level":"DEBUG","location":"[get_call:137] fyersModel","message":{"Status Code":200,"API":"/positions"},"timestamp":"2024-07-15 16:00:47,772+0530","service":"FyersAPIRequest","taskName":"Task-2"}
{"level":"DEBUG","location":"[get_call:137] fyersModel","message":{"Status Code":200,"API":"/profile"},"timestamp":"2024-07-16 11:15:55,502+0530","service":"FyersAPIRequest","taskName":"Task-4"}
{"level":"DEBUG","location":"[get_call:137] fyersModel","message":{"Status Code":200,"API":"/funds"},"timestamp":"2024-07-16 11:15:55,927+0530","service":"FyersAPIRequest","taskName":"Task-4"}
{"level":"DEBUG","location":"[get_call:137] fyersModel","message":{"Status Code":200,"API":"/holdings"},"timestamp":"2024-07-16 11:15:56,448+0530","service":"FyersAPIRequest","taskName":"Task-4"}
{"level":"DEBUG","location":"[get_call:137] fyersModel","message":{"Status Code":200,"API":"/tradebook"},"timestamp":"2024-07-16 11:16:02,368+0530","service":"FyersAPIRequest","taskName":"Task-4"}
{"level":"DEBUG","location":"[get_call:137] fyersModel","message":{"Status Code":200,"API":"/orders"},"timestamp":"2024-07-16 11:16:03,088+0530","service":"FyersAPIRequest","taskName":"Task-4"}
{"level":"DEBUG","location":"[get_call:137] fyersModel","message":{"Status Code":200,"API":"/positions"},"timestamp":"2024-07-16 11:16:03,943+0530","service":"FyersAPIRequest","taskName":"Task-4"}
{"level":"DEBUG","location":"[get_call:137] fyersModel","message":{"Status Code":200,"API":"/tradebook"},"timestamp":"2024-07-16 11:16:50,113+0530","service":"FyersAPIRequest","taskName":"Task-4"}
{"level":"DEBUG","location":"[get_call:137] fyersModel","message":{"Status Code":200,"API":"/orders"},"timestamp":"2024-07-16 11:16:51,360+0530","service":"FyersAPIRequest","taskName":"Task-4"}
{"level":"DEBUG","location":"[get_call:137] fyersModel","message":{"Status Code":200,"API":"/positions"},"timestamp":"2024-07-16 11:16:52,536+0530","service":"FyersAPIRequest","taskName":"Task-4"}
{"level":"DEBUG","location":"[post_call:78] fyersModel","message":{"Status Code":400,"API":"/orders/sync"},"timestamp":"2024-07-16 11:33:18,705+0530","service":"FyersAPIRequest","taskName":"Task-4"}
{"level":"DEBUG","location":"[patch_call:234] fyersModel","message":{"Status Code":400,"API":"/orders/sync"},"timestamp":"2024-07-16 11:33:19,662+0530","service":"FyersAPIRequest","taskName":"Task-4"}
{"level":"DEBUG","location":"[post_call:78] fyersModel","message":{"Status Code":400,"API":"/orders/sync"},"timestamp":"2024-07-16 11:33:34,445+0530","service":"FyersAPIRequest","taskName":"Task-4"}
{"level":"DEBUG","location":"[patch_call:234] fyersModel","message":{"Status Code":400,"API":"/orders/sync"},"timestamp":"2024-07-16 11:33:35,398+0530","service":"FyersAPIRequest","taskName":"Task-4"}
{"level":"DEBUG","location":"[get_call:137] fyersModel","message":{"Status Code":200,"API":"/orders"},"timestamp":"2024-07-16 11:33:36,458+0530","service":"FyersAPIRequest","taskName":"Task-4"}
{"level":"DEBUG","location":"[get_call:137] fyersModel","message":{"Status Code":200,"API":"/marketStatus"},"timestamp":"2024-07-16 11:33:38,226+0530","service":"FyersAPIRequest","taskName":"Task-4"}
{"level":"DEBUG","location":"[delete_call:184] fyersModel","message":{"Status Code":200,"API":"/positions"},"timestamp":"2024-07-16 11:33:39,048+0530","service":"FyersAPIRequest","taskName":"Task-4"}
{"level":"DEBUG","location":"[post_call:78] fyersModel","message":{"Status Code":404,"API":"/data-token"},"timestamp":"2024-07-16 11:33:41,536+0530","service":"FyersAPIRequest","taskName":"Task-4"}
{"level":"DEBUG","location":"[get_call:137] fyersModel","message":{"Status Code":200,"API":"/tradebook"},"timestamp":"2024-07-16 12:50:27,855+0530","service":"FyersAPIRequest","taskName":"Task-4"}
{"level":"DEBUG","location":"[get_call:137] fyersModel","message":{"Status Code":200,"API":"/orders"},"timestamp":"2024-07-16 12:50:28,981+0530","service":"FyersAPIRequest","taskName":"Task-4"}
{"level":"DEBUG","location":"[get_call:137] fyersModel","message":{"Status Code":200,"API":"/positions"},"timestamp":"2024-07-16 12:50:29,998+0530","service":"FyersAPIRequest","taskName":"Task-4"}
{"level":"DEBUG","location":"[get_call:137] fyersModel","message":{"Status Code":200,"API":"/marketStatus"},"timestamp":"2024-07-16 12:51:21,554+0530","service":"FyersAPIRequest","taskName":"Task-4"}
{"level":"DEBUG","location":"[get_call:137] fyersModel","message":{"Status Code":200,"API":"/profile"},"timestamp":"2024-07-16 13:49:33,538+0530","service":"FyersAPIRequest","taskName":"Task-4"}
{"level":"DEBUG","location":"[get_call:137] fyersModel","message":{"Status Code":200,"API":"/funds"},"timestamp":"2024-07-16 13:49:34,006+0530","service":"FyersAPIRequest","taskName":"Task-4"}
{"level":"DEBUG","location":"[get_call:137] fyersModel","message":{"Status Code":200,"API":"/holdings"},"timestamp":"2024-07-16 13:49:34,432+0530","service":"FyersAPIRequest","taskName":"Task-4"}
{"level":"DEBUG","location":"[get_call:137] fyersModel","message":{"Status Code":200,"API":"/tradebook"},"timestamp":"2024-07-16 13:49:34,834+0530","service":"FyersAPIRequest","taskName":"Task-4"}
{"level":"DEBUG","location":"[get_call:137] fyersModel","message":{"Status Code":200,"API":"/orders"},"timestamp":"2024-07-16 13:49:35,562+0530","service":"FyersAPIRequest","taskName":"Task-4"}
{"level":"DEBUG","location":"[get_call:137] fyersModel","message":{"Status Code":200,"API":"/positions"},"timestamp":"2024-07-16 13:49:36,521+0530","service":"FyersAPIRequest","taskName":"Task-4"}
{"level":"DEBUG","location":"[get_call:137] fyersModel","message":{"Status Code":200,"API":"/marketStatus"},"timestamp":"2024-07-16 13:49:42,027+0530","service":"FyersAPIRequest","taskName":"Task-4"}
{"level":"DEBUG","location":"[post_call:78] fyersModel","message":{"Status Code":400,"API":"/orders/sync"},"timestamp":"2024-07-16 13:50:11,253+0530","service":"FyersAPIRequest","taskName":"Task-4"}
{"level":"DEBUG","location":"[post_call:78] fyersModel","message":{"Status Code":200,"API":"/orders/sync"},"timestamp":"2024-07-16 14:53:40,283+0530","service":"FyersAPIRequest","taskName":"Task-4"}
{"level":"DEBUG","location":"[get_call:137] fyersModel","message":{"Status Code":200,"API":"/orders"},"timestamp":"2024-07-16 15:32:34,570+0530","service":"FyersAPIRequest","taskName":"Task-4"}
{"level":"DEBUG","location":"[get_call:137] fyersModel","message":{"Status Code":200,"API":"/profile"},"timestamp":"2024-07-16 16:09:41,006+0530","service":"FyersAPIRequest","taskName":"Task-2"}
{"level":"DEBUG","location":"[get_call:137] fyersModel","message":{"Status Code":200,"API":"/funds"},"timestamp":"2024-07-16 16:09:42,912+0530","service":"FyersAPIRequest","taskName":"Task-2"}
{"level":"DEBUG","location":"[get_call:137] fyersModel","message":{"Status Code":200,"API":"/holdings"},"timestamp":"2024-07-16 16:09:43,287+0530","service":"FyersAPIRequest","taskName":"Task-2"}
{"level":"DEBUG","location":"[get_call:137] fyersModel","message":{"Status Code":200,"API":"/tradebook"},"timestamp":"2024-07-16 16:09:48,773+0530","service":"FyersAPIRequest","taskName":"Task-2"}
{"level":"DEBUG","location":"[get_call:137] fyersModel","message":{"Status Code":200,"API":"/orders"},"timestamp":"2024-07-16 16:09:49,340+0530","service":"FyersAPIRequest","taskName":"Task-2"}
{"level":"DEBUG","location":"[get_call:137] fyersModel","message":{"Status Code":200,"API":"/positions"},"timestamp":"2024-07-16 16:09:49,825+0530","service":"FyersAPIRequest","taskName":"Task-2"}
